PID: COMMAND
1: /sbin/launchd
39: /usr/sbin/syslogd
40: /usr/libexec/UserEventAgent
43: /System/Library/PrivateFrameworks/Uninstall.framework/Resources/uninstalld
44: /usr/libexec/kextd
45: /System/Library/Frameworks/CoreServices.framework/Versions/A/Frameworks/FSEvents.framework/Versions/A/Support/fseventsd
49: /System/Library/CoreServices/appleeventsd
50: /usr/sbin/systemstats
52: /usr/libexec/configd
53: /System/Library/CoreServices/powerd.bundle/powerd
56: /usr/libexec/logd
62: /usr/libexec/warmd
63: /System/Library/Frameworks/CoreServices.framework/Frameworks/Metadata.framework/Support/mds
66: /usr/libexec/diskarbitrationd
69: /System/Library/CoreServices/backupd.bundle/Contents/Resources/backupd-helper
73: /usr/libexec/opendirectoryd
74: /System/Library/PrivateFrameworks/ApplePushService.framework/apsd
75: /System/Library/PrivateFrameworks/Noticeboard.framework/Versions/A/Resources/nbstated
76: /System/Library/CoreServices/launchservicesd
78: /usr/sbin/securityd
79: /System/Library/PrivateFrameworks/MobileDevice.framework/Versions/A/Resources/usbmuxd
81: /usr/libexec/locationd
82: autofsd
83: /usr/libexec/displaypolicyd
85: /usr/libexec/dasd
86: /System/Library/PrivateFrameworks/Heimdal.framework/Helpers/kdc
89: /System/Library/CoreServices/loginwindow.app/Contents/MacOS/loginwindow
90: /System/Library/CoreServices/logind
91: /System/Library/PrivateFrameworks/GenerationalStorage.framework/Versions/A/Support/revisiond
92: /usr/sbin/KernelEventAgent
94: /usr/sbin/bluetoothd
95: /usr/libexec/hidd
96: /usr/libexec/corebrightnessd
97: /usr/libexec/AirPlayXPCHelper
98: /usr/sbin/notifyd
99: /usr/sbin/distnoted
100: /usr/sbin/cfprefsd
102: /System/Library/Frameworks/Security.framework/Versions/A/XPCServices/authd.xpc/Contents/MacOS/authd
103: /System/Library/CoreServices/coreservicesd
107: /System/Library/Frameworks/PCSC.framework/Versions/A/XPCServices/com.apple.ctkpcscd.xpc/Contents/MacOS/com.apple.ctkpcscd
111: /usr/libexec/trustd
133: /usr/libexec/airportd
135: /usr/sbin/coreaudiod
145: /usr/sbin/mDNSResponder
163: /usr/sbin/mDNSResponderHelper
185: /System/Library/PrivateFrameworks/SignpostNotification.framework/Versions/A/XPCServices/signpost_notificationd.xpc/Contents/MacOS/signpost_notificationd
186: /usr/libexec/syspolicyd
187: /System/Library/PrivateFrameworks/SkyLight.framework/Resources/WindowServer
188: /usr/libexec/symptomsd
191: /usr/libexec/nsurlsessiond
192: /usr/libexec/apfsd
194: /usr/libexec/powerlogd
195: /usr/libexec/ApplicationFirewall/socketfilterfw
196: /usr/sbin/cupsd
197: /usr/libexec/lsd
198: /usr/libexec/watchdogd
199: /usr/libexec/thermald
200: /System/Library/Frameworks/CoreServices.framework/Frameworks/Metadata.framework/Versions/A/Support/mds_stores
209: /System/Library/Frameworks/OpenGL.framework/Versions/A/Libraries/CVMServer
229: /usr/sbin/systemstats
238: /System/Library/PrivateFrameworks/PerformanceAnalysis.framework/Versions/A/XPCServices/com.apple.PerformanceAnalysis.animationperfd.xpc/Contents/MacOS/com.apple.PerformanceAnalysis.animationperfd
245: /Library/CoreMediaIO/Plug-Ins/DAL/AppleCamera.plugin/Contents/Resources/AppleCameraAssistant
248: /usr/libexec/securityd_service
249: /usr/sbin/cfprefsd
250: /usr/libexec/UserEventAgent
252: /usr/sbin/distnoted
254: /System/Library/Frameworks/CoreTelephony.framework/Support/CommCenter
255: /usr/libexec/lsd
258: /usr/libexec/trustd
260: /System/Library/CoreServices/sharedfilelistd
264: /System/Library/CoreServices/Dock.app/Contents/MacOS/Dock
267: /System/Library/CoreServices/SystemUIServer.app/Contents/MacOS/SystemUIServer
269: /System/Library/CoreServices/Finder.app/Contents/MacOS/Finder
283: /System/Library/PrivateFrameworks/CloudDocsDaemon.framework/Versions/A/Support/bird
284: /System/Library/CoreServices/SubmitDiagInfo
290: /System/Library/PrivateFrameworks/TCC.framework/Resources/tccd
291: /usr/libexec/pkd
294: /usr/libexec/pboard
296: /System/Library/Frameworks/Accounts.framework/Versions/A/Support/accountsd
297: /System/Library/Frameworks/ApplicationServices.framework/Frameworks/ATS.framework/Support/fontd
301: /System/Library/PrivateFrameworks/UserActivity.framework/Agents/useractivityd
302: /usr/sbin/usernoted
303: /System/Library/CoreServices/Dock.app/Contents/XPCServices/com.apple.dock.extra.xpc/Contents/MacOS/com.apple.dock.extra
304: /usr/libexec/secinitd
305: /System/Library/CoreServices/NotificationCenter.app/Contents/MacOS/NotificationCenter
306: /usr/libexec/sharingd
308: /System/Library/CoreServices/Spotlight.app/Contents/MacOS/Spotlight
309: /usr/sbin/filecoordinationd
312: /usr/sbin/wirelessproxd
315: /System/Library/PrivateFrameworks/IDS.framework/identityservicesd.app/Contents/MacOS/identityservicesd
316: /System/Library/Frameworks/LocalAuthentication.framework/Support/coreauthd
318: /usr/libexec/nsurlstoraged
319: /System/Library/PrivateFrameworks/IMCore.framework/imagent.app/Contents/MacOS/imagent
321: /System/Library/PrivateFrameworks/CalendarAgent.framework/Executables/CalendarAgent
324: /System/Library/PrivateFrameworks/CoreWLANKit.framework/Versions/A/XPCServices/WiFiProxy.xpc/Contents/MacOS/WiFiProxy
325: /System/Library/Frameworks/InputMethodKit.framework/Resources/imklaunchagent
328: /System/Library/PrivateFrameworks/CommerceKit.framework/Versions/A/Resources/storeaccountd
329: /System/Library/PrivateFrameworks/PassKitCore.framework/passd
330: /usr/libexec/nsurlsessiond
331: /System/Library/Frameworks/AddressBook.framework/Executables/ContactsAccountsService
339: /System/Library/PrivateFrameworks/CommerceKit.framework/Versions/A/Resources/commerce
341: /System/Library/Input
367: /System/Library/PrivateFrameworks/AmbientDisplay.framework/Versions/A/XPCServices/com.apple.AmbientDisplayAgent.xpc/Contents/MacOS/com.apple.AmbientDisplayAgent
369: /System/Library/Image
370: /usr/libexec/rapportd
372: /System/Library/PrivateFrameworks/IMFoundation.framework/XPCServices/IMRemoteURLConnectionAgent.xpc/Contents/MacOS/IMRemoteURLConnectionAgent
374: /System/Library/PrivateFrameworks/IMFoundation.framework/XPCServices/IMRemoteURLConnectionAgent.xpc/Contents/MacOS/IMRemoteURLConnectionAgent
378: /Library/Developer/PrivateFrameworks/CoreSimulator.framework/Versions/A/XPCServices/com.apple.CoreSimulator.CoreSimulatorService.xpc/Contents/MacOS/com.apple.CoreSimulator.CoreSimulatorService
383: /System/Library/CoreServices/WiFiAgent.app/Contents/MacOS/WiFiAgent
385: /System/Library/CoreServices/CrashReporterSupportHelper
395: /System/Library/Frameworks/CoreServices.framework/Frameworks/Metadata.framework/Versions/A/Support/mdwrite
412: /System/Library/PrivateFrameworks/ContactsDonation.framework/Versions/A/Support/contactsdonationagent
413: /System/Library/Frameworks/ApplicationServices.framework/Frameworks/SpeechSynthesis.framework/Resources/com.apple.speech.speechsynthesisd
414: /System/Library/PrivateFrameworks/CoreSpeech.framework/corespeechd
415: /System/Library/PrivateFrameworks/FileProvider.framework/Support/fileproviderd
419: /System/Library/CoreServices/SocialPushAgent.app/Contents/MacOS/SocialPushAgent
423: /System/Library/CoreServices/Siri.app/Contents/MacOS/Siri
424: /Applications/JetBrains
427: /System/Library/CoreServices/AirPlayUIAgent.app/Contents/MacOS/AirPlayUIAgent
428: /System/Library/CoreServices/cloudpaird
430: /System/Library/PrivateFrameworks/Noticeboard.framework/Versions/A/Resources/nbagent.app/Contents/MacOS/nbagent
432: /System/Library/CoreServices/diagnostics_agent
435: /System/Library/CoreServices/backgroundtaskmanagementagent
438: /Applications/iTunes.app/Contents/MacOS/iTunesHelper.app/Contents/MacOS/iTunesHelper
439: /System/Library/CoreServices/Menu
450: /Applications/Kite.app/Contents/MacOS/Kite
457: /Applications/JetBrains
495: /usr/libexec/taskgated
498: /Applications/JetBrains
562: /System/Library/PrivateFrameworks/CommerceKit.framework/Versions/A/Resources/storelegacy
612: /System/Library/PrivateFrameworks/CommerceKit.framework/Versions/A/Resources/storeassetd
615: /System/Library/PrivateFrameworks/CommerceKit.framework/Resources/LaterAgent.app/Contents/MacOS/LaterAgent
623: /Library/Developer/PrivateFrameworks/CoreSimulator.framework/Versions/A/Resources/SimStreamProcessorServices.simdeviceio/Contents/XPCServices/SimStreamProcessorService.xpc/Contents/MacOS/SimStreamProcessorService
626: /Library/Developer/PrivateFrameworks/CoreSimulator.framework/Versions/A/Resources/SimAudioProcessorServices.simdeviceio/Contents/XPCServices/SimAudioProcessorService.xpc/Contents/MacOS/SimAudioProcessorService
959: /System/Library/PrivateFrameworks/MobileDevice.framework/Resources/MobileDeviceUpdater.app/Contents/MacOS/MobileDeviceUpdater
961: /usr/libexec/USBAgent
963: /System/Library/PrivateFrameworks/BookKit.framework/Versions/A/XPCServices/com.apple.BKAgentService.xpc/Contents/MacOS/com.apple.BKAgentService
964: /System/Library/PrivateFrameworks/CommerceKit.framework/Versions/A/Resources/storedownloadd
965: /System/Library/PrivateFrameworks/CoreFP.framework/Versions/A/fpsd
2389: /System/Library/CoreServices/PowerChime.app/Contents/MacOS/PowerChime
2395: /System/Library/Frameworks/CoreServices.framework/Frameworks/Metadata.framework/Versions/A/Support/corespotlightd
2431: /System/Library/Frameworks/CoreServices.framework/Frameworks/Metadata.framework/Versions/A/Support/mdworker
2432: /System/Library/Frameworks/CoreServices.framework/Frameworks/Metadata.framework/Versions/A/Support/mdworker
2445: /System/Library/PrivateFrameworks/CommerceKit.framework/Versions/A/Resources/storeinstalld
2467: /usr/libexec/diskmanagementd
3465: /System/Library/StagedFrameworks/Safari/SafariShared.framework/Versions/A/XPCServices/com.apple.Safari.History.xpc/Contents/MacOS/com.apple.Safari.History
4586: /System/Library/PrivateFrameworks/CommerceKit.framework/Versions/A/Resources/storeuid.app/Contents/MacOS/storeuid
6328: /System/Library/Frameworks/ApplicationServices.framework/Frameworks/SpeechSynthesis.framework/Resources/com.apple.speech.speechsynthesisd
15444: /Applications/Safari.app/Contents/MacOS/Safari
15446: /System/Library/StagedFrameworks/Safari/WebKit.framework/Versions/A/XPCServices/com.apple.WebKit.Networking.xpc/Contents/MacOS/com.apple.WebKit.Networking
15450: /System/Library/CoreServices/SafariSupport.bundle/Contents/MacOS/webinspectord
18933: /Applications/Preview.app/Contents/MacOS/Preview
25363: /System/Library/StagedFrameworks/Safari/WebKit.framework/Versions/A/XPCServices/com.apple.WebKit.WebContent.xpc/Contents/MacOS/com.apple.WebKit.WebContent
25717: /System/Library/StagedFrameworks/Safari/WebKit.framework/Versions/A/XPCServices/com.apple.WebKit.WebContent.xpc/Contents/MacOS/com.apple.WebKit.WebContent
27831: /System/Library/PrivateFrameworks/IMDPersistence.framework/IMAutomaticHistoryDeletionAgent.app/Contents/MacOS/IMAutomaticHistoryDeletionAgent
27867: /Applications/Atom.app/Contents/MacOS/Atom
27869: /Applications/Atom.app/Contents/Frameworks/Atom
27870: /Applications/Atom.app/Contents/Frameworks/Electron
28259: /System/Library/StagedFrameworks/Safari/WebKit.framework/Versions/A/XPCServices/com.apple.WebKit.WebContent.xpc/Contents/MacOS/com.apple.WebKit.WebContent
35272: /System/Library/PrivateFrameworks/AuthKit.framework/Versions/A/Support/akd
35297: /usr/sbin/WirelessRadioManagerd
35304: /usr/libexec/routined
35309: /usr/libexec/mobileassetd
35315: /usr/libexec/coreduetd
35316: /usr/sbin/cfprefsd
35319: /usr/libexec/timed
35321: /System/Library/PrivateFrameworks/CoreADI.framework/adid
35325: /System/Library/PrivateFrameworks/IMDPersistence.framework/XPCServices/IMDPersistenceAgent.xpc/Contents/MacOS/IMDPersistenceAgent
35327: /System/Library/Frameworks/Security.framework/Versions/A/XPCServices/com.apple.CodeSigningHelper.xpc/Contents/MacOS/com.apple.CodeSigningHelper
35329: /System/Library/Services/AppleSpell.service/Contents/MacOS/AppleSpell
35331: /System/Library/PrivateFrameworks/CloudKitDaemon.framework/Support/cloudd
35333: /usr/libexec/secd
35335: /System/Library/PrivateFrameworks/WirelessDiagnostics.framework/Support/awdd
35336: /System/Library/PrivateFrameworks/CoreAnalytics.framework/Support/analyticsd
35338: /usr/libexec/amfid
35342: /System/Library/CoreServices/OSDUIHelper.app/Contents/MacOS/OSDUIHelper
35384: /System/Library/PrivateFrameworks/CoreSuggestions.framework/Versions/A/Support/suggestd
35385: /System/Library/PrivateFrameworks/PhotoAnalysis.framework/Versions/A/Support/photoanalysisd
35386: /System/Library/PrivateFrameworks/AssistantServices.framework/Versions/A/Support/assistantd
35389: /System/Library/PrivateFrameworks/SafariSafeBrowsing.framework/com.apple.Safari.SafeBrowsing.Service
35391: /usr/libexec/knowledge-agent
35393: /System/Library/PrivateFrameworks/PhotoLibraryPrivate.framework/Versions/A/Support/photolibraryd
35395: /System/Library/PrivateFrameworks/TelephonyUtilities.framework/callservicesd
35399: /System/Library/PrivateFrameworks/MediaRemote.framework/Support/mediaremoteagent
35401: /System/Library/PrivateFrameworks/MediaRemote.framework/Support/mediaremoted
35404: /System/Library/CoreServices/cloudphotosd.app/Contents/MacOS/cloudphotosd
35406: /usr/sbin/spindump
35407: /System/Library/PrivateFrameworks/CloudPhotoServices.framework/Versions/A/Frameworks/CloudPhotosConfigurationXPC.framework/Versions/A/XPCServices/com.apple.CloudPhotosConfiguration.xpc/Contents/MacOS/com.apple.CloudPhotosConfiguration
35420: /System/Library/PrivateFrameworks/ViewBridge.framework/Versions/A/XPCServices/ViewBridgeAuxiliary.xpc/Contents/MacOS/ViewBridgeAuxiliary
35422: /System/Library/PrivateFrameworks/CoreParsec.framework/parsecd
35424: /System/Library/StagedFrameworks/Safari/SafariShared.framework/Versions/A/XPCServices/com.apple.Safari.SearchHelper.xpc/Contents/MacOS/com.apple.Safari.SearchHelper
35425: /System/Library/CoreServices/pbs
35427: /usr/libexec/dprivacyd
35486: /System/Library/StagedFrameworks/Safari/WebKit.framework/Versions/A/XPCServices/com.apple.WebKit.WebContent.xpc/Contents/MacOS/com.apple.WebKit.WebContent
35487: /usr/libexec/nehelper
35508: /System/Library/CoreServices/iconservicesagent
35570: /Applications/Xcode.app/Contents/MacOS/Xcode
35574: /usr/libexec/swcd
35575: /System/Library/PrivateFrameworks/CloudDocsDaemon.framework/XPCServices/ContainerMetadataExtractor.xpc/Contents/MacOS/ContainerMetadataExtractor
35576: /Applications/Xcode.app/Contents/PlugIns/GitHubHostBuiltInExtension.appex/Contents/MacOS/GitHubHostBuiltInExtension
35577: /Applications/Xcode.app/Contents/PlugIns/BitbucketHostBuiltInExtension.appex/Contents/MacOS/BitbucketHostBuiltInExtension
35578: /Applications/Xcode.app/Contents/PlugIns/GitHubEnterpriseHostBuiltInExtension.appex/Contents/MacOS/GitHubEnterpriseHostBuiltInExtension
35579: /Applications/Xcode.app/Contents/PlugIns/BitbucketServerHostBuiltInExtension.appex/Contents/MacOS/BitbucketServerHostBuiltInExtension
35582: /Applications/Xcode.app/Contents/PlugIns/GitLabSelfHostBuiltInExtension.appex/Contents/MacOS/GitLabSelfHostBuiltInExtension
35583: /Applications/Xcode.app/Contents/PlugIns/GitLabHostBuiltInExtension.appex/Contents/MacOS/GitLabHostBuiltInExtension
35586: /Applications/Xcode.app/Contents/SharedFrameworks/SourceKit.framework/Versions/A/XPCServices/com.apple.dt.SKAgent.xpc/Contents/MacOS/com.apple.dt.SKAgent
35587: /Applications/Xcode.app/Contents/Developer/Platforms/MacOSX.platform/Developer/Library/GPUToolsPlatform/GPUToolsAgent.app/Contents/MacOS/GPUToolsAgent
35589: /Applications/Xcode.app/Contents/PlugIns/XCDocumenterExtension.appex/Contents/MacOS/XCDocumenterExtension
35590: /Applications/Xcode.app/Contents/PlugIns/XcodeBuiltInExtensions.appex/Contents/MacOS/XcodeBuiltInExtensions
35594: /usr/libexec/trustd
35710: /usr/libexec/gamecontrollerd
35712: /Applications/Atom.app/Contents/Frameworks/Atom
35740: python
35778: /Applications/Atom.app/Contents/Frameworks/Atom
47290: /System/Library/Frameworks/CoreServices.framework/Frameworks/Metadata.framework/Versions/A/Support/mdworker
47292: /System/Library/Frameworks/CoreServices.framework/Frameworks/Metadata.framework/Versions/A/Support/mdworker
47327: /System/Library/Frameworks/CoreServices.framework/Frameworks/Metadata.framework/Versions/A/Support/mdworker
47328: /usr/sbin/distnoted
47375: /Applications/VirtualBox.app/Contents/MacOS/VirtualBox
47377: /Applications/VirtualBox.app/Contents/MacOS/VBoxXPCOMIPCD
47379: /Applications/VirtualBox.app/Contents/MacOS/VBoxSVC
47380: /Applications/VirtualBox.app/Contents/Resources/VirtualBoxVM.app/Contents/MacOS/VirtualBoxVM
51301: /System/Library/PrivateFrameworks/CloudDocs.framework/PlugIns/com.apple.CloudDocs.MobileDocumentsFileProvider.appex/Contents/MacOS/com.apple.CloudDocs.MobileDocumentsFileProvider
51303: /Applications/Xcode.app/Contents/SharedFrameworks/XCBuild.framework/Versions/A/PlugIns/XCBBuildService.bundle/Contents/MacOS/XCBBuildService
51304: /Applications/Xcode.app/Contents/Developer/Toolchains/XcodeDefault.xctoolchain/usr/lib/sourcekitd.framework/Versions/A/XPCServices/SourceKitService.xpc/Contents/MacOS/SourceKitService
51543: /Applications/Xcode.app/Contents/SharedFrameworks/LLDBRPC.framework/Resources/lldb-rpc-server
51808: /System/Library/StagedFrameworks/Safari/WebKit.framework/Versions/A/XPCServices/com.apple.WebKit.WebContent.xpc/Contents/MacOS/com.apple.WebKit.WebContent
51809: /usr/libexec/keybagd
51812: /System/Library/Frameworks/MediaAccessibility.framework/Versions/A/XPCServices/com.apple.accessibility.mediaaccessibilityd.xpc/Contents/MacOS/com.apple.accessibility.mediaaccessibilityd
51813: /System/Library/Frameworks/VideoToolbox.framework/Versions/A/XPCServices/VTDecoderXPCService.xpc/Contents/MacOS/VTDecoderXPCService
51819: /System/Library/PrivateFrameworks/ContextKit.framework/Versions/A/XPCServices/ContextService.xpc/Contents/MacOS/ContextService
51823: /System/Library/PrivateFrameworks/MessagesKit.framework/Resources/soagent.app/Contents/MacOS/soagent
51825: /System/Library/StagedFrameworks/Safari/WebKit.framework/Versions/A/XPCServices/com.apple.WebKit.WebContent.xpc/Contents/MacOS/com.apple.WebKit.WebContent
51833: /usr/libexec/diagnosticd
51836: /System/Library/StagedFrameworks/Safari/WebKit.framework/Versions/A/XPCServices/com.apple.WebKit.WebContent.xpc/Contents/MacOS/com.apple.WebKit.WebContent
51840: /System/Library/Frameworks/Metal.framework/Versions/A/XPCServices/MTLCompilerService.xpc/Contents/MacOS/MTLCompilerService
51863: /usr/libexec/sandboxd
51864: /System/Library/PrivateFrameworks/CoreSymbolication.framework/coresymbolicationd
51957: /usr/libexec/networkserviceproxy
51962: /usr/libexec/sysmond
52021: /usr/sbin/systemsoundserverd
52022: /System/Library/Frameworks/AudioToolbox.framework/AudioComponentRegistrar
52048: /System/Library/Frameworks/CoreServices.framework/Frameworks/Metadata.framework/Versions/A/Support/mdworker
52049: /System/Library/Frameworks/LocalAuthentication.framework/Support/coreauthd
52050: /System/Library/Frameworks/CryptoTokenKit.framework/ctkahp.bundle/Contents/MacOS/ctkahp
52051: /System/Library/Frameworks/CryptoTokenKit.framework/ctkahp.bundle/Contents/MacOS/ctkahp
52052: /System/Library/Frameworks/Security.framework/Versions/A/Resources/KeychainSyncingOverIDSProxy.bundle/Contents/MacOS/KeychainSyncingOverIDSProxy
52053: /System/Library/Frameworks/Security.framework/Versions/A/Resources/CloudKeychainProxy.bundle/Contents/MacOS/CloudKeychainProxy
52054: /System/Library/PrivateFrameworks/CoreFollowUp.framework/Versions/A/Support/followupd
52055: /System/Library/Frameworks/CryptoTokenKit.framework/ctkd
52056: /System/Library/Frameworks/CryptoTokenKit.framework/ctkd
52057: /System/Library/PrivateFrameworks/AccountPolicy.framework/XPCServices/com.apple.AccountPolicyHelper.xpc/Contents/MacOS/com.apple.AccountPolicyHelper
52059: /usr/libexec/nsurlstoraged
52063: /System/Library/PrivateFrameworks/CalendarNotification.framework/Versions/A/XPCServices/CalNCService.xpc/Contents/MacOS/CalNCService
52065: /System/Library/PrivateFrameworks/ContactsAgent.framework/Executables/ContactsAgent
52083: /System/Library/Frameworks/CoreServices.framework/Frameworks/Metadata.framework/Versions/A/Support/mdworker
52084: /System/Library/Frameworks/CoreServices.framework/Frameworks/Metadata.framework/Versions/A/Support/mdworker
52085: /System/Library/Frameworks/CoreServices.framework/Frameworks/Metadata.framework/Versions/A/Support/mdworker
52086: /System/Library/Frameworks/CoreServices.framework/Frameworks/Metadata.framework/Versions/A/Support/mdworker
52088: /System/Library/Frameworks/CoreServices.framework/Frameworks/Metadata.framework/Versions/A/Support/mdworker
52089: /System/Library/Frameworks/CoreServices.framework/Frameworks/Metadata.framework/Versions/A/Support/mdworker
52090: /System/Library/Frameworks/CoreServices.framework/Frameworks/Metadata.framework/Versions/A/Support/mdworker
52097: /System/Library/Frameworks/CoreServices.framework/Frameworks/Metadata.framework/Versions/A/Support/mdworker
52436: /System/Library/CoreServices/ScopedBookmarkAgent
52968: /System/Library/CoreServices/CoreServicesUIAgent.app/Contents/MacOS/CoreServicesUIAgent
52969: /System/Library/Frameworks/CoreServices.framework/Frameworks/Metadata.framework/Versions/A/Support/mdworker
53027: /System/Library/Frameworks/ApplicationServices.framework/Versions/A/Frameworks/HIServices.framework/Versions/A/XPCServices/com.apple.hiservices-xpcservice.xpc/Contents/MacOS/com.apple.hiservices-xpcservice
53030: /Applications/TextEdit.app/Contents/MacOS/TextEdit
53031: /System/Library/CoreServices/iconservicesd
53033: /Applications/Xcode.app/Contents/SharedFrameworks/DVTSourceControl.framework/Versions/A/XPCServices/com.apple.dt.Xcode.sourcecontrol.WorkingCopyScanner.xpc/Contents/MacOS/com.apple.dt.Xcode.sourcecontrol.WorkingCopyScanner
53041: /Applications/Utilities/Terminal.app/Contents/MacOS/Terminal
54865: /usr/libexec/captiveagent
54868: /usr/sbin/netbiosd
54870: /System/Library/Frameworks/QuickLook.framework/Resources/quicklookd.app/Contents/MacOS/quicklookd
54872: /System/Library/PrivateFrameworks/GeoServices.framework/Versions/A/XPCServices/com.apple.geod.xpc/Contents/MacOS/com.apple.geod
54873: /usr/libexec/secinitd
54874: /usr/sbin/ocspd
53043: login
53044: -bash
54875: /bin/bash
54876: ps
54877: awk
