2

S 0 _         -> S _ > 0 >
S 1 _         -> S _ > 1 >
S a _         -> and _ ^ _ <
S o _         -> or _ ^ _ <
S _ _         -> getAnswer _ ^ _ <

and _ 0       -> zero-and _ ^ _ <
and _ 1       -> one-and _ ^ _ <

zero-and _ 0  -> S _ > 0 >
zero-and _ 1  -> S _ > 0 >

one-and _ 0   -> S _ > 0 >
one-and _ 1   -> S _ > 1 >

or _ 0        -> zero-or _ ^ _ <
or _ 1        -> one-or _ ^ _ <

zero-or _ 0   -> S _ > 0 >
zero-or _ 1   -> S _ > 1 >

one-or _ 0    -> S _ > 1 >
one-or _ 1    -> S _ > 1 >

getAnswer _ 0 -> AC 0 ^ _ <
getAnswer _ 1 -> AC 1 ^ _ <